2023-11-07 17:58:36,158 INFO  [Log] Application opened 
2023-11-07 17:58:37,534 INFO  [Log] Login completed 
2023-11-07 17:58:40,829 INFO  [Log] Logout completed 
2023-11-07 17:58:44,840 INFO  [Log] Application closed 
2023-11-07 18:03:56,967 INFO  [Log] Application opened 
2023-11-07 18:03:58,173 INFO  [Log] Login completed 
2023-11-07 18:04:01,411 INFO  [Log] Logout completed 
2023-11-07 18:04:05,189 INFO  [Log] Application closed 
2023-11-07 18:04:09,407 INFO  [Log] Application opened 
2023-11-07 18:04:10,592 INFO  [Log] Login completed 
2023-11-07 18:04:10,614 INFO  [Log] enterintoframe 
2023-11-07 18:04:12,723 INFO  [Log] Add emp 
2023-11-07 18:04:15,738 INFO  [Log] exitframe 
2023-11-07 18:04:15,982 INFO  [Log] Logout completed 
2023-11-07 18:04:16,794 INFO  [Log] Application closed 
2023-11-08 14:35:08,739 INFO  [Log] Application opened 
2023-11-08 14:35:09,845 INFO  [Log] Login completed 
2023-11-08 14:35:13,108 INFO  [Log] Logout completed 
2023-11-08 14:35:17,102 INFO  [Log] Application closed 
2023-11-08 18:29:00,379 INFO  [Log] Application opened 
2023-11-08 18:29:01,792 INFO  [Log] Login completed 
2023-11-08 18:29:05,051 INFO  [Log] Logout completed 
2023-11-08 18:29:09,079 INFO  [Log] Application closed 
2023-11-09 12:30:12,680 INFO  [Log] Application opened 
2023-11-09 12:30:14,505 INFO  [Log] Login completed 
2023-11-09 12:30:17,773 INFO  [Log] Logout completed 
2023-11-09 12:30:21,889 INFO  [Log] Application closed 
2023-11-09 12:30:26,147 INFO  [Log] Application opened 
2023-11-09 12:30:27,777 INFO  [Log] Login completed 
2023-11-09 12:30:27,799 INFO  [Log] enterintoframe 
2023-11-09 12:30:30,393 INFO  [Log] Add emp 
2023-11-09 12:30:33,410 INFO  [Log] exitframe 
2023-11-09 12:30:33,658 INFO  [Log] Logout completed 
2023-11-09 12:30:34,643 INFO  [Log] Application closed 
